2026-04-28 16:21:25 | INFO | ========== RAVEN 数据集统计报告 ==========
2026-04-28 16:21:25 | INFO | 总文件数: 100
2026-04-28 16:21:25 | INFO | 有效样本数: 100
2026-04-28 16:21:25 | INFO | 过滤样本数: 0
2026-04-28 16:21:25 | INFO | 过滤原因统计: {}
2026-04-28 16:21:25 | INFO | 类别分布(0~7): {0: 13, 1: 13, 2: 13, 3: 13, 4: 12, 5: 12, 6: 12, 7: 12}
2026-04-28 16:21:25 | INFO | 规则分布: {'raven': 100}
2026-04-28 16:21:25 | INFO | ========================================
2026-04-28 16:21:25 | INFO | Split result | train=70 val=10 test=20
2026-04-28 17:01:08 | INFO | ========== RAVEN 数据集统计报告 ==========
2026-04-28 17:01:08 | INFO | 总文件数: 100
2026-04-28 17:01:08 | INFO | 有效样本数: 100
2026-04-28 17:01:08 | INFO | 过滤样本数: 0
2026-04-28 17:01:08 | INFO | 过滤原因统计: {}
2026-04-28 17:01:08 | INFO | 类别分布(0~7): {0: 13, 1: 13, 2: 13, 3: 13, 4: 12, 5: 12, 6: 12, 7: 12}
2026-04-28 17:01:08 | INFO | 规则分布: {'raven': 100}
2026-04-28 17:01:08 | INFO | ========================================
2026-04-28 17:01:08 | INFO | Split result | train=70 val=10 test=20
2026-04-28 19:26:36 | INFO | Rule distribution report saved to experiments/results/rule_distribution_report.txt
2026-04-28 19:26:44 | INFO | ========== RAVEN 数据集统计报告 ==========
2026-04-28 19:26:44 | INFO | 总文件数: 100
2026-04-28 19:26:44 | INFO | 有效样本数: 100
2026-04-28 19:26:44 | INFO | 过滤样本数: 0
2026-04-28 19:26:44 | INFO | 过滤原因统计: {}
2026-04-28 19:26:44 | INFO | 类别分布(0~7): {0: 13, 1: 13, 2: 13, 3: 13, 4: 12, 5: 12, 6: 12, 7: 12}
2026-04-28 19:26:44 | INFO | 规则分布: {'Center': 17, 'Distribute': 17, 'Merge': 16, 'Outlier': 17, 'Progresion': 16, 'Single': 17}
2026-04-28 19:26:44 | INFO | ========================================
2026-04-28 19:26:44 | INFO | Strict OOD split | train_rules=['Center', 'Single', 'Outlier'] ood_rules=['Distribute', 'Merge', 'Progresion'] | train=35 val=5 ood_test=49
2026-04-28 19:26:44 | INFO | Split result | train=35 val=5 test=49
2026-04-28 19:33:36 | INFO | ========== RAVEN 数据集统计报告 ==========
2026-04-28 19:33:36 | INFO | 总文件数: 100
2026-04-28 19:33:36 | INFO | 有效样本数: 100
2026-04-28 19:33:36 | INFO | 过滤样本数: 0
2026-04-28 19:33:36 | INFO | 过滤原因统计: {}
2026-04-28 19:33:36 | INFO | 类别分布(0~7): {0: 13, 1: 13, 2: 13, 3: 13, 4: 12, 5: 12, 6: 12, 7: 12}
2026-04-28 19:33:36 | INFO | 规则分布: {'Center': 17, 'Distribute': 17, 'Merge': 16, 'Outlier': 17, 'Progresion': 16, 'Single': 17}
2026-04-28 19:33:36 | INFO | ========================================
2026-04-28 19:33:36 | INFO | Strict OOD split | train_rules=['Center', 'Single', 'Outlier'] ood_rules=['Distribute', 'Merge', 'Progresion'] | train=35 val=5 ood_test=49
2026-04-28 19:33:36 | INFO | Split result | train=35 val=5 test=49
