2026-04-28 16:17:34 | INFO | ========== 数据集自检报告 ==========
2026-04-28 16:17:34 | INFO | 样本总数: 100
2026-04-28 16:17:34 | INFO | 有效样本数: 100
2026-04-28 16:17:34 | INFO | 跳过样本数: 0
2026-04-28 16:17:34 | INFO | 类别分布(0~7): {0: 13, 1: 13, 2: 13, 3: 13, 4: 12, 5: 12, 6: 12, 7: 12}
2026-04-28 16:17:34 | INFO | ===================================
2026-04-28 16:17:34 | INFO | Train samples: 80
2026-04-28 16:17:34 | INFO | Test samples:  20
2026-04-28 16:17:34 | INFO | Batch keys: ['context', 'choices', 'panels', 'label', 'path']
2026-04-28 16:17:34 | INFO | context shape: (8, 8, 1, 80, 80)
2026-04-28 16:17:34 | INFO | choices shape: (8, 8, 1, 80, 80)
2026-04-28 16:17:34 | INFO | panels shape:  (8, 16, 1, 80, 80)
2026-04-28 16:17:34 | INFO | label shape:   (8,)
2026-04-28 16:17:34 | INFO | 自检通过: 无报错、无警告、无维度不匹配。
2026-04-28 16:19:36 | INFO | ========== 数据集自检报告 ==========
2026-04-28 16:19:36 | INFO | 样本总数: 100
2026-04-28 16:19:36 | INFO | 有效样本数: 100
2026-04-28 16:19:36 | INFO | 跳过样本数: 0
2026-04-28 16:19:36 | INFO | 类别分布(0~7): {0: 13, 1: 13, 2: 13, 3: 13, 4: 12, 5: 12, 6: 12, 7: 12}
2026-04-28 16:19:36 | INFO | ===================================
2026-04-28 16:19:36 | INFO | Train samples: 80
2026-04-28 16:19:36 | INFO | Test samples:  20
2026-04-28 16:19:36 | INFO | Batch keys: ['context', 'choices', 'panels', 'label', 'path']
2026-04-28 16:19:36 | INFO | context shape: (8, 8, 1, 80, 80)
2026-04-28 16:19:36 | INFO | choices shape: (8, 8, 1, 80, 80)
2026-04-28 16:19:36 | INFO | panels shape:  (8, 16, 1, 80, 80)
2026-04-28 16:19:36 | INFO | label shape:   (8,)
2026-04-28 16:19:36 | INFO | 自检通过: 无报错、无警告、无维度不匹配。
